# JRE version: Java(TM) SE Runtime Environment (8.0_112-b16) (build 1.8.0_112-b16)
# Java VM: Java HotSpot(TM) 64-Bit Server VM (25.112-b16 mixed mode bsd-amd64 compressed oops)
Heap:
 PSYoungGen      total 227328K, used 150145K [0x000000076ab00000, 0x000000077c700000, 0x00000007c0000000)
  eden space 186368K, 72% used [0x000000076ab00000,0x0000000772e54748,0x0000000776100000)
  from space 40960K, 38% used [0x0000000779f00000,0x000000077ae4be50,0x000000077c700000)
  to   space 52224K, 0% used [0x0000000776100000,0x0000000776100000,0x0000000779400000)
 ParOldGen       total 303104K, used 59052K [0x00000006c0000000, 0x00000006d2800000, 0x000000076ab00000)
  object space 303104K, 19% used [0x00000006c0000000,0x00000006c39ab238,0x00000006d2800000)
 Metaspace       used 46458K, capacity 47264K, committed 47744K, reserved 1089536K
  class space    used 7483K, capacity 7682K, committed 7808K, reserved 1048576K
GC Heap History (10 events):
Event: 3,349 GC heap before
{Heap before GC invocations=4 (full 1):
 PSYoungGen      total 141824K, used 131072K [0x000000076ab00000, 0x0000000774000000, 0x00000007c0000000)
  eden space 131072K, 100% used [0x000000076ab00000,0x0000000772b00000,0x0000000772b00000)
  from space 10752K, 0% used [0x0000000773580000,0x0000000773580000,0x0000000774000000)
  to   space 10752K, 0% used [0x0000000772b00000,0x0000000772b00000,0x0000000773580000)
 ParOldGen       total 218624K, used 60759K [0x00000006c0000000, 0x00000006cd580000, 0x000000076ab00000)
  object space 218624K, 27% used [0x00000006c0000000,0x00000006c3b55fb8,0x00000006cd580000)
 Metaspace       used 33159K, capacity 33820K, committed 34048K, reserved 1077248K
  class space    used 5688K, capacity 5876K, committed 5888K, reserved 1048576K
Event: 3,369 GC heap after
Heap after GC invocations=4 (full 1):
 PSYoungGen      total 141824K, used 10725K [0x000000076ab00000, 0x0000000775f80000, 0x00000007c0000000)
  eden space 131072K, 0% used [0x000000076ab00000,0x000000076ab00000,0x0000000772b00000)
  from space 10752K, 99% used [0x0000000772b00000,0x0000000773579630,0x0000000773580000)
  to   space 10752K, 0% used [0x0000000775500000,0x0000000775500000,0x0000000775f80000)
 ParOldGen       total 218624K, used 65940K [0x00000006c0000000, 0x00000006cd580000, 0x000000076ab00000)
  object space 218624K, 30% used [0x00000006c0000000,0x00000006c40650e8,0x00000006cd580000)
 Metaspace       used 33159K, capacity 33820K, committed 34048K, reserved 1077248K
  class space    used 5688K, capacity 5876K, committed 5888K, reserved 1048576K
}
Event: 3,893 GC heap before
{Heap before GC invocations=5 (full 1):
 PSYoungGen      total 141824K, used 139165K [0x000000076ab00000, 0x0000000775f80000, 0x00000007c0000000)
  eden space 131072K, 97% used [0x000000076ab00000,0x000000077286de48,0x0000000772b00000)
  from space 10752K, 99% used [0x0000000772b00000,0x0000000773579630,0x0000000773580000)
  to   space 10752K, 0% used [0x0000000775500000,0x0000000775500000,0x0000000775f80000)
 ParOldGen       total 218624K, used 65940K [0x00000006c0000000, 0x00000006cd580000, 0x000000076ab00000)
  object space 218624K, 30% used [0x00000006c0000000,0x00000006c40650e8,0x00000006cd580000)
 Metaspace       used 34687K, capacity 35340K, committed 35496K, reserved 1079296K
  class space    used 5902K, capacity 6076K, committed 6144K, reserved 1048576K
Event: 3,900 GC heap after
Heap after GC invocations=5 (full 1):
 PSYoungGen      total 167936K, used 6190K [0x000000076ab00000, 0x0000000775c80000, 0x00000007c0000000)
  eden space 160256K, 0% used [0x000000076ab00000,0x000000076ab00000,0x0000000774780000)
  from space 7680K, 80% used [0x0000000775500000,0x0000000775b0bbf0,0x0000000775c80000)
  to   space 10752K, 0% used [0x0000000774780000,0x0000000774780000,0x0000000775200000)
 ParOldGen       total 218624K, used 65948K [0x00000006c0000000, 0x00000006cd580000, 0x000000076ab00000)
  object space 218624K, 30% used [0x00000006c0000000,0x00000006c40670e8,0x00000006cd580000)
 Metaspace       used 34687K, capacity 35340K, committed 35496K, reserved 1079296K
  class space    used 5902K, capacity 6076K, committed 6144K, reserved 1048576K
}
Event: 3,900 GC heap before
{Heap before GC invocations=6 (full 2):
 PSYoungGen      total 167936K, used 6190K [0x000000076ab00000, 0x0000000775c80000, 0x00000007c0000000)
  eden space 160256K, 0% used [0x000000076ab00000,0x000000076ab00000,0x0000000774780000)
  from space 7680K, 80% used [0x0000000775500000,0x0000000775b0bbf0,0x0000000775c80000)
  to   space 10752K, 0% used [0x0000000774780000,0x0000000774780000,0x0000000775200000)
 ParOldGen       total 218624K, used 65948K [0x00000006c0000000, 0x00000006cd580000, 0x000000076ab00000)
  object space 218624K, 30% used [0x00000006c0000000,0x00000006c40670e8,0x00000006cd580000)
 Metaspace       used 34687K, capacity 35340K, committed 35496K, reserved 1079296K
  class space    used 5902K, capacity 6076K, committed 6144K, reserved 1048576K
Event: 4,060 GC heap after
Heap after GC invocations=6 (full 2):
 PSYoungGen      total 167936K, used 0K [0x000000076ab00000, 0x0000000775c80000, 0x00000007c0000000)
  eden space 160256K, 0% used [0x000000076ab00000,0x000000076ab00000,0x0000000774780000)
  from space 7680K, 0% used [0x0000000775500000,0x0000000775500000,0x0000000775c80000)
  to   space 10752K, 0% used [0x0000000774780000,0x0000000774780000,0x0000000775200000)
 ParOldGen       total 303104K, used 59036K [0x00000006c0000000, 0x00000006d2800000, 0x000000076ab00000)
  object space 303104K, 19% used [0x00000006c0000000,0x00000006c39a7238,0x00000006d2800000)
 Metaspace       used 34687K, capacity 35340K, committed 35496K, reserved 1079296K
  class space    used 5902K, capacity 6076K, committed 6144K, reserved 1048576K
}
Event: 4,669 GC heap before
{Heap before GC invocations=7 (full 2):
 PSYoungGen      total 167936K, used 160256K [0x000000076ab00000, 0x0000000775c80000, 0x00000007c0000000)
  eden space 160256K, 100% used [0x000000076ab00000,0x0000000774780000,0x0000000774780000)
  from space 7680K, 0% used [0x0000000775500000,0x0000000775500000,0x0000000775c80000)
  to   space 10752K, 0% used [0x0000000774780000,0x0000000774780000,0x0000000775200000)
 ParOldGen       total 303104K, used 59036K [0x00000006c0000000, 0x00000006d2800000, 0x000000076ab00000)
  object space 303104K, 19% used [0x00000006c0000000,0x00000006c39a7238,0x00000006d2800000)
 Metaspace       used 36693K, capacity 37360K, committed 37632K, reserved 1081344K
  class space    used 6196K, capacity 6364K, committed 6400K, reserved 1048576K
Event: 4,674 GC heap after
Heap after GC invocations=7 (full 2):
 PSYoungGen      total 171008K, used 4020K [0x000000076ab00000, 0x000000077d700000, 0x00000007c0000000)
  eden space 160256K, 0% used [0x000000076ab00000,0x000000076ab00000,0x0000000774780000)
  from space 10752K, 37% used [0x0000000774780000,0x0000000774b6d130,0x0000000775200000)
  to   space 57344K, 0% used [0x0000000779f00000,0x0000000779f00000,0x000000077d700000)
 ParOldGen       total 303104K, used 59044K [0x00000006c0000000, 0x00000006d2800000, 0x000000076ab00000)
  object space 303104K, 19% used [0x00000006c0000000,0x00000006c39a9238,0x00000006d2800000)
 Metaspace       used 36693K, capacity 37360K, committed 37632K, reserved 1081344K
  class space    used 6196K, capacity 6364K, committed 6400K, reserved 1048576K
}
Event: 8,902 GC heap before
{Heap before GC invocations=8 (full 2):
 PSYoungGen      total 171008K, used 164276K [0x000000076ab00000, 0x000000077d700000, 0x00000007c0000000)
  eden space 160256K, 100% used [0x000000076ab00000,0x0000000774780000,0x0000000774780000)
  from space 10752K, 37% used [0x0000000774780000,0x0000000774b6d130,0x0000000775200000)
  to   space 57344K, 0% used [0x0000000779f00000,0x0000000779f00000,0x000000077d700000)
 ParOldGen       total 303104K, used 59044K [0x00000006c0000000, 0x00000006d2800000, 0x000000076ab00000)
  object space 303104K, 19% used [0x00000006c0000000,0x00000006c39a9238,0x00000006d2800000)
 Metaspace       used 46228K, capacity 47120K, committed 47616K, reserved 1089536K
  class space    used 7456K, capacity 7680K, committed 7680K, reserved 1048576K
Event: 8,913 GC heap after
Heap after GC invocations=8 (full 2):
 PSYoungGen      total 227328K, used 15663K [0x000000076ab00000, 0x000000077c700000, 0x00000007c0000000)
  eden space 186368K, 0% used [0x000000076ab00000,0x000000076ab00000,0x0000000776100000)
  from space 40960K, 38% used [0x0000000779f00000,0x000000077ae4be50,0x000000077c700000)
  to   space 52224K, 0% used [0x0000000776100000,0x0000000776100000,0x0000000779400000)
 ParOldGen       total 303104K, used 59052K [0x00000006c0000000, 0x00000006d2800000, 0x000000076ab00000)
  object space 303104K, 19% used [0x00000006c0000000,0x00000006c39ab238,0x00000006d2800000)
 Metaspace       used 46228K, capacity 47120K, committed 47616K, reserved 1089536K
  class space    used 7456K, capacity 7680K, committed 7680K, reserved 1048576K
}

