# JRE version: Java(TM) SE Runtime Environment (8.0_112-b16) (build 1.8.0_112-b16)
# Java VM: Java HotSpot(TM) 64-Bit Server VM (25.112-b16 mixed mode bsd-amd64 compressed oops)
Heap:
 PSYoungGen      total 229376K, used 106290K [0x000000076ab00000, 0x000000077c880000, 0x00000007c0000000)
  eden space 186880K, 48% used [0x000000076ab00000,0x00000007702ee860,0x0000000776180000)
  from space 42496K, 38% used [0x0000000779f00000,0x000000077aede2c8,0x000000077c880000)
  to   space 52736K, 0% used [0x0000000776180000,0x0000000776180000,0x0000000779500000)
 ParOldGen       total 303616K, used 58929K [0x00000006c0000000, 0x00000006d2880000, 0x000000076ab00000)
  object space 303616K, 19% used [0x00000006c0000000,0x00000006c398c660,0x00000006d2880000)
 Metaspace       used 47275K, capacity 48156K, committed 48512K, reserved 1089536K
  class space    used 7553K, capacity 7760K, committed 7808K, reserved 1048576K
GC Heap History (10 events):
Event: 3,090 GC heap before
{Heap before GC invocations=4 (full 1):
 PSYoungGen      total 141824K, used 131072K [0x000000076ab00000, 0x0000000774000000, 0x00000007c0000000)
  eden space 131072K, 100% used [0x000000076ab00000,0x0000000772b00000,0x0000000772b00000)
  from space 10752K, 0% used [0x0000000773580000,0x0000000773580000,0x0000000774000000)
  to   space 10752K, 0% used [0x0000000772b00000,0x0000000772b00000,0x0000000773580000)
 ParOldGen       total 220160K, used 61025K [0x00000006c0000000, 0x00000006cd700000, 0x000000076ab00000)
  object space 220160K, 27% used [0x00000006c0000000,0x00000006c3b984f8,0x00000006cd700000)
 Metaspace       used 33156K, capacity 33820K, committed 34048K, reserved 1077248K
  class space    used 5690K, capacity 5876K, committed 5888K, reserved 1048576K
Event: 3,111 GC heap after
Heap after GC invocations=4 (full 1):
 PSYoungGen      total 141824K, used 10731K [0x000000076ab00000, 0x0000000776280000, 0x00000007c0000000)
  eden space 131072K, 0% used [0x000000076ab00000,0x000000076ab00000,0x0000000772b00000)
  from space 10752K, 99% used [0x0000000772b00000,0x000000077357ac68,0x0000000773580000)
  to   space 10752K, 0% used [0x0000000775800000,0x0000000775800000,0x0000000776280000)
 ParOldGen       total 220160K, used 66152K [0x00000006c0000000, 0x00000006cd700000, 0x000000076ab00000)
  object space 220160K, 30% used [0x00000006c0000000,0x00000006c409a1a8,0x00000006cd700000)
 Metaspace       used 33156K, capacity 33820K, committed 34048K, reserved 1077248K
  class space    used 5690K, capacity 5876K, committed 5888K, reserved 1048576K
}
Event: 3,727 GC heap before
{Heap before GC invocations=5 (full 1):
 PSYoungGen      total 141824K, used 138900K [0x000000076ab00000, 0x0000000776280000, 0x00000007c0000000)
  eden space 131072K, 97% used [0x000000076ab00000,0x000000077282a470,0x0000000772b00000)
  from space 10752K, 99% used [0x0000000772b00000,0x000000077357ac68,0x0000000773580000)
  to   space 10752K, 0% used [0x0000000775800000,0x0000000775800000,0x0000000776280000)
 ParOldGen       total 220160K, used 66152K [0x00000006c0000000, 0x00000006cd700000, 0x000000076ab00000)
  object space 220160K, 30% used [0x00000006c0000000,0x00000006c409a1a8,0x00000006cd700000)
 Metaspace       used 34682K, capacity 35340K, committed 35496K, reserved 1079296K
  class space    used 5903K, capacity 6076K, committed 6144K, reserved 1048576K
Event: 3,733 GC heap after
Heap after GC invocations=5 (full 1):
 PSYoungGen      total 167936K, used 6102K [0x000000076ab00000, 0x0000000775e00000, 0x00000007c0000000)
  eden space 161792K, 0% used [0x000000076ab00000,0x000000076ab00000,0x0000000774900000)
  from space 6144K, 99% used [0x0000000775800000,0x0000000775df5968,0x0000000775e00000)
  to   space 10752K, 0% used [0x0000000774900000,0x0000000774900000,0x0000000775380000)
 ParOldGen       total 220160K, used 66160K [0x00000006c0000000, 0x00000006cd700000, 0x000000076ab00000)
  object space 220160K, 30% used [0x00000006c0000000,0x00000006c409c1a8,0x00000006cd700000)
 Metaspace       used 34682K, capacity 35340K, committed 35496K, reserved 1079296K
  class space    used 5903K, capacity 6076K, committed 6144K, reserved 1048576K
}
Event: 3,733 GC heap before
{Heap before GC invocations=6 (full 2):
 PSYoungGen      total 167936K, used 6102K [0x000000076ab00000, 0x0000000775e00000, 0x00000007c0000000)
  eden space 161792K, 0% used [0x000000076ab00000,0x000000076ab00000,0x0000000774900000)
  from space 6144K, 99% used [0x0000000775800000,0x0000000775df5968,0x0000000775e00000)
  to   space 10752K, 0% used [0x0000000774900000,0x0000000774900000,0x0000000775380000)
 ParOldGen       total 220160K, used 66160K [0x00000006c0000000, 0x00000006cd700000, 0x000000076ab00000)
  object space 220160K, 30% used [0x00000006c0000000,0x00000006c409c1a8,0x00000006cd700000)
 Metaspace       used 34682K, capacity 35340K, committed 35496K, reserved 1079296K
  class space    used 5903K, capacity 6076K, committed 6144K, reserved 1048576K
Event: 3,933 GC heap after
Heap after GC invocations=6 (full 2):
 PSYoungGen      total 167936K, used 0K [0x000000076ab00000, 0x0000000775e00000, 0x00000007c0000000)
  eden space 161792K, 0% used [0x000000076ab00000,0x000000076ab00000,0x0000000774900000)
  from space 6144K, 0% used [0x0000000775800000,0x0000000775800000,0x0000000775e00000)
  to   space 10752K, 0% used [0x0000000774900000,0x0000000774900000,0x0000000775380000)
 ParOldGen       total 303616K, used 58913K [0x00000006c0000000, 0x00000006d2880000, 0x000000076ab00000)
  object space 303616K, 19% used [0x00000006c0000000,0x00000006c3988660,0x00000006d2880000)
 Metaspace       used 34682K, capacity 35340K, committed 35496K, reserved 1079296K
  class space    used 5903K, capacity 6076K, committed 6144K, reserved 1048576K
}
Event: 4,754 GC heap before
{Heap before GC invocations=7 (full 2):
 PSYoungGen      total 167936K, used 161792K [0x000000076ab00000, 0x0000000775e00000, 0x00000007c0000000)
  eden space 161792K, 100% used [0x000000076ab00000,0x0000000774900000,0x0000000774900000)
  from space 6144K, 0% used [0x0000000775800000,0x0000000775800000,0x0000000775e00000)
  to   space 10752K, 0% used [0x0000000774900000,0x0000000774900000,0x0000000775380000)
 ParOldGen       total 303616K, used 58913K [0x00000006c0000000, 0x00000006d2880000, 0x000000076ab00000)
  object space 303616K, 19% used [0x00000006c0000000,0x00000006c3988660,0x00000006d2880000)
 Metaspace       used 36710K, capacity 37424K, committed 37632K, reserved 1081344K
  class space    used 6197K, capacity 6364K, committed 6400K, reserved 1048576K
Event: 4,760 GC heap after
Heap after GC invocations=7 (full 2):
 PSYoungGen      total 172544K, used 5406K [0x000000076ab00000, 0x000000077d780000, 0x00000007c0000000)
  eden space 161792K, 0% used [0x000000076ab00000,0x000000076ab00000,0x0000000774900000)
  from space 10752K, 50% used [0x0000000774900000,0x0000000774e47a58,0x0000000775380000)
  to   space 57856K, 0% used [0x0000000779f00000,0x0000000779f00000,0x000000077d780000)
 ParOldGen       total 303616K, used 58921K [0x00000006c0000000, 0x00000006d2880000, 0x000000076ab00000)
  object space 303616K, 19% used [0x00000006c0000000,0x00000006c398a660,0x00000006d2880000)
 Metaspace       used 36710K, capacity 37424K, committed 37632K, reserved 1081344K
  class space    used 6197K, capacity 6364K, committed 6400K, reserved 1048576K
}
Event: 9,923 GC heap before
{Heap before GC invocations=8 (full 2):
 PSYoungGen      total 172544K, used 167198K [0x000000076ab00000, 0x000000077d780000, 0x00000007c0000000)
  eden space 161792K, 100% used [0x000000076ab00000,0x0000000774900000,0x0000000774900000)
  from space 10752K, 50% used [0x0000000774900000,0x0000000774e47a58,0x0000000775380000)
  to   space 57856K, 0% used [0x0000000779f00000,0x0000000779f00000,0x000000077d780000)
 ParOldGen       total 303616K, used 58921K [0x00000006c0000000, 0x00000006d2880000, 0x000000076ab00000)
  object space 303616K, 19% used [0x00000006c0000000,0x00000006c398a660,0x00000006d2880000)
 Metaspace       used 46224K, capacity 47056K, committed 47360K, reserved 1089536K
  class space    used 7459K, capacity 7680K, committed 7680K, reserved 1048576K
Event: 9,935 GC heap after
Heap after GC invocations=8 (full 2):
 PSYoungGen      total 229376K, used 16248K [0x000000076ab00000, 0x000000077c880000, 0x00000007c0000000)
  eden space 186880K, 0% used [0x000000076ab00000,0x000000076ab00000,0x0000000776180000)
  from space 42496K, 38% used [0x0000000779f00000,0x000000077aede2c8,0x000000077c880000)
  to   space 52736K, 0% used [0x0000000776180000,0x0000000776180000,0x0000000779500000)
 ParOldGen       total 303616K, used 58929K [0x00000006c0000000, 0x00000006d2880000, 0x000000076ab00000)
  object space 303616K, 19% used [0x00000006c0000000,0x00000006c398c660,0x00000006d2880000)
 Metaspace       used 46224K, capacity 47056K, committed 47360K, reserved 1089536K
  class space    used 7459K, capacity 7680K, committed 7680K, reserved 1048576K
}

