# JRE version: Java(TM) SE Runtime Environment (8.0_112-b16) (build 1.8.0_112-b16)
# Java VM: Java HotSpot(TM) 64-Bit Server VM (25.112-b16 mixed mode bsd-amd64 compressed oops)
Heap:
 PSYoungGen      total 259072K, used 57594K [0x000000076ab00000, 0x0000000780580000, 0x00000007c0000000)
  eden space 203776K, 15% used [0x000000076ab00000,0x000000076c9475a0,0x0000000777200000)
  from space 55296K, 48% used [0x0000000777200000,0x0000000778bf7288,0x000000077a800000)
  to   space 54272K, 0% used [0x000000077d080000,0x000000077d080000,0x0000000780580000)
 ParOldGen       total 291840K, used 58093K [0x00000006c0000000, 0x00000006d1d00000, 0x000000076ab00000)
  object space 291840K, 19% used [0x00000006c0000000,0x00000006c38bb5f0,0x00000006d1d00000)
 Metaspace       used 57453K, capacity 58300K, committed 58624K, reserved 1097728K
  class space    used 10193K, capacity 10410K, committed 10496K, reserved 1048576K
GC Heap History (10 events):
Event: 3,127 GC heap before
{Heap before GC invocations=5 (full 1):
 PSYoungGen      total 141824K, used 141800K [0x000000076ab00000, 0x0000000776100000, 0x00000007c0000000)
  eden space 131072K, 100% used [0x000000076ab00000,0x0000000772b00000,0x0000000772b00000)
  from space 10752K, 99% used [0x0000000772b00000,0x000000077357a2f8,0x0000000773580000)
  to   space 10752K, 0% used [0x0000000775680000,0x0000000775680000,0x0000000776100000)
 ParOldGen       total 219136K, used 66504K [0x00000006c0000000, 0x00000006cd600000, 0x000000076ab00000)
  object space 219136K, 30% used [0x00000006c0000000,0x00000006c40f2130,0x00000006cd600000)
 Metaspace       used 34281K, capacity 34962K, committed 35200K, reserved 1079296K
  class space    used 5834K, capacity 6013K, committed 6016K, reserved 1048576K
Event: 3,132 GC heap after
Heap after GC invocations=5 (full 1):
 PSYoungGen      total 170496K, used 4891K [0x000000076ab00000, 0x0000000775e80000, 0x00000007c0000000)
  eden space 162304K, 0% used [0x000000076ab00000,0x000000076ab00000,0x0000000774980000)
  from space 8192K, 59% used [0x0000000775680000,0x0000000775b46da0,0x0000000775e80000)
  to   space 10752K, 0% used [0x0000000774980000,0x0000000774980000,0x0000000775400000)
 ParOldGen       total 219136K, used 66512K [0x00000006c0000000, 0x00000006cd600000, 0x000000076ab00000)
  object space 219136K, 30% used [0x00000006c0000000,0x00000006c40f4130,0x00000006cd600000)
 Metaspace       used 34281K, capacity 34962K, committed 35200K, reserved 1079296K
  class space    used 5834K, capacity 6013K, committed 6016K, reserved 1048576K
}
Event: 3,203 GC heap before
{Heap before GC invocations=6 (full 1):
 PSYoungGen      total 170496K, used 26153K [0x000000076ab00000, 0x0000000775e80000, 0x00000007c0000000)
  eden space 162304K, 13% used [0x000000076ab00000,0x000000076bfc3a10,0x0000000774980000)
  from space 8192K, 59% used [0x0000000775680000,0x0000000775b46da0,0x0000000775e80000)
  to   space 10752K, 0% used [0x0000000774980000,0x0000000774980000,0x0000000775400000)
 ParOldGen       total 219136K, used 66512K [0x00000006c0000000, 0x00000006cd600000, 0x000000076ab00000)
  object space 219136K, 30% used [0x00000006c0000000,0x00000006c40f4130,0x00000006cd600000)
 Metaspace       used 34697K, capacity 35346K, committed 35496K, reserved 1079296K
  class space    used 5902K, capacity 6077K, committed 6144K, reserved 1048576K
Event: 3,207 GC heap after
Heap after GC invocations=6 (full 1):
 PSYoungGen      total 173056K, used 5235K [0x000000076ab00000, 0x000000077ea00000, 0x00000007c0000000)
  eden space 162304K, 0% used [0x000000076ab00000,0x000000076ab00000,0x0000000774980000)
  from space 10752K, 48% used [0x0000000774980000,0x0000000774e9cc08,0x0000000775400000)
  to   space 57344K, 0% used [0x000000077b200000,0x000000077b200000,0x000000077ea00000)
 ParOldGen       total 219136K, used 66520K [0x00000006c0000000, 0x00000006cd600000, 0x000000076ab00000)
  object space 219136K, 30% used [0x00000006c0000000,0x00000006c40f6130,0x00000006cd600000)
 Metaspace       used 34697K, capacity 35346K, committed 35496K, reserved 1079296K
  class space    used 5902K, capacity 6077K, committed 6144K, reserved 1048576K
}
Event: 3,208 GC heap before
{Heap before GC invocations=7 (full 2):
 PSYoungGen      total 173056K, used 5235K [0x000000076ab00000, 0x000000077ea00000, 0x00000007c0000000)
  eden space 162304K, 0% used [0x000000076ab00000,0x000000076ab00000,0x0000000774980000)
  from space 10752K, 48% used [0x0000000774980000,0x0000000774e9cc08,0x0000000775400000)
  to   space 57344K, 0% used [0x000000077b200000,0x000000077b200000,0x000000077ea00000)
 ParOldGen       total 219136K, used 66520K [0x00000006c0000000, 0x00000006cd600000, 0x000000076ab00000)
  object space 219136K, 30% used [0x00000006c0000000,0x00000006c40f6130,0x00000006cd600000)
 Metaspace       used 34697K, capacity 35346K, committed 35496K, reserved 1079296K
  class space    used 5902K, capacity 6077K, committed 6144K, reserved 1048576K
Event: 3,339 GC heap after
Heap after GC invocations=7 (full 2):
 PSYoungGen      total 173056K, used 0K [0x000000076ab00000, 0x000000077ea00000, 0x00000007c0000000)
  eden space 162304K, 0% used [0x000000076ab00000,0x000000076ab00000,0x0000000774980000)
  from space 10752K, 0% used [0x0000000774980000,0x0000000774980000,0x0000000775400000)
  to   space 57344K, 0% used [0x000000077b200000,0x000000077b200000,0x000000077ea00000)
 ParOldGen       total 291840K, used 58069K [0x00000006c0000000, 0x00000006d1d00000, 0x000000076ab00000)
  object space 291840K, 19% used [0x00000006c0000000,0x00000006c38b55f0,0x00000006d1d00000)
 Metaspace       used 34697K, capacity 35346K, committed 35496K, reserved 1079296K
  class space    used 5902K, capacity 6077K, committed 6144K, reserved 1048576K
}
Event: 3,766 GC heap before
{Heap before GC invocations=8 (full 2):
 PSYoungGen      total 173056K, used 162304K [0x000000076ab00000, 0x000000077ea00000, 0x00000007c0000000)
  eden space 162304K, 100% used [0x000000076ab00000,0x0000000774980000,0x0000000774980000)
  from space 10752K, 0% used [0x0000000774980000,0x0000000774980000,0x0000000775400000)
  to   space 57344K, 0% used [0x000000077b200000,0x000000077b200000,0x000000077ea00000)
 ParOldGen       total 291840K, used 58069K [0x00000006c0000000, 0x00000006d1d00000, 0x000000076ab00000)
  object space 291840K, 19% used [0x00000006c0000000,0x00000006c38b55f0,0x00000006d1d00000)
 Metaspace       used 36745K, capacity 37462K, committed 37632K, reserved 1081344K
  class space    used 6201K, capacity 6397K, committed 6400K, reserved 1048576K
Event: 3,770 GC heap after
Heap after GC invocations=8 (full 2):
 PSYoungGen      total 248832K, used 4621K [0x000000076ab00000, 0x000000077de00000, 0x00000007c0000000)
  eden space 203776K, 0% used [0x000000076ab00000,0x000000076ab00000,0x0000000777200000)
  from space 45056K, 10% used [0x000000077b200000,0x000000077b683618,0x000000077de00000)
  to   space 55296K, 0% used [0x0000000777200000,0x0000000777200000,0x000000077a800000)
 ParOldGen       total 291840K, used 58077K [0x00000006c0000000, 0x00000006d1d00000, 0x000000076ab00000)
  object space 291840K, 19% used [0x00000006c0000000,0x00000006c38b75f0,0x00000006d1d00000)
 Metaspace       used 36745K, capacity 37462K, committed 37632K, reserved 1081344K
  class space    used 6201K, capacity 6397K, committed 6400K, reserved 1048576K
}
Event: 14,144 GC heap before
{Heap before GC invocations=9 (full 2):
 PSYoungGen      total 248832K, used 208397K [0x000000076ab00000, 0x000000077de00000, 0x00000007c0000000)
  eden space 203776K, 100% used [0x000000076ab00000,0x0000000777200000,0x0000000777200000)
  from space 45056K, 10% used [0x000000077b200000,0x000000077b683618,0x000000077de00000)
  to   space 55296K, 0% used [0x0000000777200000,0x0000000777200000,0x000000077a800000)
 ParOldGen       total 291840K, used 58077K [0x00000006c0000000, 0x00000006d1d00000, 0x000000076ab00000)
  object space 291840K, 19% used [0x00000006c0000000,0x00000006c38b75f0,0x00000006d1d00000)
 Metaspace       used 57037K, capacity 57856K, committed 58240K, reserved 1097728K
  class space    used 10150K, capacity 10360K, committed 10368K, reserved 1048576K
Event: 14,164 GC heap after
Heap after GC invocations=9 (full 2):
 PSYoungGen      total 259072K, used 26588K [0x000000076ab00000, 0x0000000780580000, 0x00000007c0000000)
  eden space 203776K, 0% used [0x000000076ab00000,0x000000076ab00000,0x0000000777200000)
  from space 55296K, 48% used [0x0000000777200000,0x0000000778bf7288,0x000000077a800000)
  to   space 54272K, 0% used [0x000000077d080000,0x000000077d080000,0x0000000780580000)
 ParOldGen       total 291840K, used 58093K [0x00000006c0000000, 0x00000006d1d00000, 0x000000076ab00000)
  object space 291840K, 19% used [0x00000006c0000000,0x00000006c38bb5f0,0x00000006d1d00000)
 Metaspace       used 57037K, capacity 57856K, committed 58240K, reserved 1097728K
  class space    used 10150K, capacity 10360K, committed 10368K, reserved 1048576K
}

